
All files in current directory:

.git
.gitattributes
PeDeFy.log
QARwD.py
README.md
test (1).pdf
test (2).pdf
test (3).pdf
test (4).pdf
test (5).pdf
test (6).pdf
test (7).pdf


All PDF files in current directory:

test (1).pdf
test (2).pdf
test (3).pdf
test (4).pdf
test (5).pdf
test (6).pdf
test (7).pdf


Found DOI:	 10.1016/j.chemosphere.2018.07.074
Filename:	 Sophia E. Whitlock - Environmentally relevant exposure to an antidepressant alters courtship behaviours in a songbird, Elsevier BV, 11_2018.pdf
Absent file:	 Sophia E. Whitlock - Environmentally relevant exposure to an antidepressant alters courtship behaviours in a songbird, Elsevier BV, 11_2018.pdf
Final filename:	 Sophia E. Whitlock - Environmentally relevant exposure to an antidepressant alters courtship behaviours in a songbird, Elsevier BV, 11_2018.pdf 

Found DOI:	 10.1016/j.jsps.2011.11.003
Filename:	 A. Al-Mohamadi - Dispensing medications without prescription at Saudi community pharmacy: Extent and perception, Elsevier BV, 1_2013.pdf
Absent file:	 A. Al-Mohamadi - Dispensing medications without prescription at Saudi community pharmacy: Extent and perception, Elsevier BV, 1_2013.pdf
Final filename:	 A. Al-Mohamadi - Dispensing medications without prescription at Saudi community pharmacy  Extent and perception, Elsevier BV, 1_2013.pdf 

Found DOI:	 10.1016/j.epsc.2018.06.002 
Filename:	 Ahmed Alahmari - Colonic atresia associated with imperforate anus in a patient with down syndrome, expect the unexpected, Elsevier BV, 8_2018.pdf
Absent file:	 Ahmed Alahmari - Colonic atresia associated with imperforate anus in a patient with down syndrome, expect the unexpected, Elsevier BV, 8_2018.pdf
Final filename:	 Ahmed Alahmari - Colonic atresia associated with imperforate anus in a patient with down syndrome, expect the unexpected, Elsevier BV, 8_2018.pdf 

Found DOI:	 10.1016/j.febslet.2005.08.020
Filename:	 Edna Nahon - Fluoxetine (Prozac) interaction with the mitochondrial voltage-dependent anion channel and protection against apoptotic cell death, Wiley, 9_2005.pdf
Absent file:	 Edna Nahon - Fluoxetine (Prozac) interaction with the mitochondrial voltage-dependent anion channel and protection against apoptotic cell death, Wiley, 9_2005.pdf
Final filename:	 Edna Nahon - Fluoxetine (Prozac) interaction with the mitochondrial voltage-dependent anion channel and protection against apoptotic cell death, Wiley, 9_2005.pdf 

Found DOI:	 10.1007/s11120-009-9476-5
Filename:	 Francesco Buda - Introduction to theory/modeling methods in photosynthesis, Springer Nature, 12_2009.pdf
Absent file:	 Francesco Buda - Introduction to theory/modeling methods in photosynthesis, Springer Nature, 12_2009.pdf
Final filename:	 Francesco Buda - Introduction to theory modeling methods in photosynthesis, Springer Nature, 12_2009.pdf 

Found DOI:	 10.1016/j.jtcme.2017.01.007
Filename:	 Hsiang-Ling Huang - Antidepressant-like effects of Gan-Mai-Dazao-Tang via monoamine regulatory pathways on forced swimming test in rats, Elsevier BV, 1_2018.pdf
Absent file:	 Hsiang-Ling Huang - Antidepressant-like effects of Gan-Mai-Dazao-Tang via monoamine regulatory pathways on forced swimming test in rats, Elsevier BV, 1_2018.pdf
Final filename:	 Hsiang-Ling Huang - Antidepressant-like effects of Gan-Mai-Dazao-Tang via monoamine regulatory pathways on forced swimming test in rats, Elsevier BV, 1_2018.pdf 

Found DOI:	 10.1016/j.envint.2019.01.083
Filename:	 Sophia E. Whitlock - Detecting fluoxetine and norfluoxetine in wild bird tissues and feathers, Elsevier BV, 5_2019.pdf
Absent file:	 Sophia E. Whitlock - Detecting fluoxetine and norfluoxetine in wild bird tissues and feathers, Elsevier BV, 5_2019.pdf
Final filename:	 Sophia E. Whitlock - Detecting fluoxetine and norfluoxetine in wild bird tissues and feathers, Elsevier BV, 5_2019.pdf 

